<?xml version="1.0" encoding="UTF-8"?>
<testng-results ignored="0" total="1" passed="1" failed="0" skipped="0">
  <reporter-output>
  </reporter-output>
  <suite started-at="2018-06-12T12:07:53Z" name="twoPLUGS Test Suite" finished-at="2018-06-12T12:08:40Z" duration-ms="46806">
    <groups>
    </groups>
    <test started-at="2018-06-12T12:07:53Z" name="TP" finished-at="2018-06-12T12:08:40Z" duration-ms="46806">
      <class name="com.myProject.testcases.TP_001">
        <test-method signature="TC_001()[pri:0, instance:com.myProject.testcases.TP_001@175c2241]" started-at="2018-06-12T07:07:53Z" name="TC_001" finished-at="2018-06-12T07:08:40Z" duration-ms="46749" status="PASS">
          <reporter-output>
          </reporter-output>
        </test-method> <!-- TC_001 -->
      </class> <!-- com.myProject.testcases.TP_001 -->
    </test> <!-- TP -->
  </suite> <!-- twoPLUGS Test Suite -->
</testng-results>
