<?xml version="1.0" encoding="UTF-8"?>
<testng-results ignored="0" total="1" passed="0" failed="1" skipped="0">
  <reporter-output>
  </reporter-output>
  <suite started-at="2018-06-12T12:21:35Z" name="twoPLUGS Test Suite" finished-at="2018-06-12T12:21:36Z" duration-ms="381">
    <groups>
    </groups>
    <test started-at="2018-06-12T12:21:35Z" name="TP" finished-at="2018-06-12T12:21:36Z" duration-ms="381">
      <class name="com.myProject.testcases.TP_006">
        <test-method signature="TC006()[pri:0, instance:com.myProject.testcases.TP_006@6b2ea799]" started-at="2018-06-12T07:21:35Z" name="TC006" finished-at="2018-06-12T07:21:36Z" duration-ms="314" status="FAIL">
          <exception class="java.lang.IllegalStateException">
            <message>
              <![CDATA[The driver executable does not exist: /Users/harcharansingh/eclipse-workspace/myProject/./src\twoPLUGS\test\resources\geckodriver.exe]]>
            </message>
            <full-stacktrace>
              <![CDATA[java.lang.IllegalStateException: The driver executable does not exist: /Users/harcharansingh/eclipse-workspace/myProject/./src\twoPLUGS\test\resources\geckodriver.exeat com.google.common.base.Preconditions.checkState(Preconditions.java:585)at org.openqa.selenium.remote.service.DriverService.checkExecutable(DriverService.java:136)at org.openqa.selenium.remote.service.DriverService.findExecutable(DriverService.java:131)at org.openqa.selenium.firefox.GeckoDriverService.access$100(GeckoDriverService.java:41)at org.openqa.selenium.firefox.GeckoDriverService$Builder.findDefaultExecutable(GeckoDriverService.java:141)at org.openqa.selenium.remote.service.DriverService$Builder.build(DriverService.java:339)at org.openqa.selenium.firefox.FirefoxDriver.toExecutor(FirefoxDriver.java:158)at org.openqa.selenium.firefox.FirefoxDriver.<init>(FirefoxDriver.java:120)at org.openqa.selenium.firefox.FirefoxDriver.<init>(FirefoxDriver.java:98)at com.myProject.testcases.TP_006.TC006(TP_006.java:20)at java.base/jdk.internal.reflect.NativeMethodAccessorImpl.invoke0(Native Method)at java.base/jdk.internal.reflect.NativeMethodAccessorImpl.invoke(NativeMethodAccessorImpl.java:62)at java.base/jdk.internal.reflect.DelegatingMethodAccessorImpl.invoke(DelegatingMethodAccessorImpl.java:43)at java.base/java.lang.reflect.Method.invoke(Method.java:564)at org.testng.internal.MethodInvocationHelper.invokeMethod(MethodInvocationHelper.java:124)at org.testng.internal.Invoker.invokeMethod(Invoker.java:571)at org.testng.internal.Invoker.invokeTestMethod(Invoker.java:707)at org.testng.internal.Invoker.invokeTestMethods(Invoker.java:979)at org.testng.internal.TestMethodWorker.invokeTestMethods(TestMethodWorker.java:125)at org.testng.internal.TestMethodWorker.run(TestMethodWorker.java:109)at org.testng.TestRunner.privateRun(TestRunner.java:648)at org.testng.TestRunner.run(TestRunner.java:505)at org.testng.SuiteRunner.runTest(SuiteRunner.java:455)at org.testng.SuiteRunner.runSequentially(SuiteRunner.java:450)at org.testng.SuiteRunner.privateRun(SuiteRunner.java:415)at org.testng.SuiteRunner.run(SuiteRunner.java:364)at org.testng.SuiteRunnerWorker.runSuite(SuiteRunnerWorker.java:52)at org.testng.SuiteRunnerWorker.run(SuiteRunnerWorker.java:84)at org.testng.TestNG.runSuitesSequentially(TestNG.java:1187)at org.testng.TestNG.runSuitesLocally(TestNG.java:1116)at org.testng.TestNG.runSuites(TestNG.java:1028)at org.testng.TestNG.run(TestNG.java:996)at org.apache.maven.surefire.testng.TestNGExecutor.run(TestNGExecutor.java:283)at org.apache.maven.surefire.testng.TestNGXmlTestSuite.execute(TestNGXmlTestSuite.java:75)at org.apache.maven.surefire.testng.TestNGProvider.invoke(TestNGProvider.java:120)at org.apache.maven.surefire.booter.ForkedBooter.invokeProviderInSameClassLoader(ForkedBooter.java:379)at org.apache.maven.surefire.booter.ForkedBooter.runSuitesInProcess(ForkedBooter.java:340)at org.apache.maven.surefire.booter.ForkedBooter.execute(ForkedBooter.java:125)at org.apache.maven.surefire.booter.ForkedBooter.main(ForkedBooter.java:413)]]>
            </full-stacktrace>
          </exception> <!-- java.lang.IllegalStateException -->
          <reporter-output>
          </reporter-output>
        </test-method> <!-- TC006 -->
      </class> <!-- com.myProject.testcases.TP_006 -->
    </test> <!-- TP -->
  </suite> <!-- twoPLUGS Test Suite -->
</testng-results>
