<?xml version="1.0" encoding="UTF-8"?>
<!-- Generated by org.testng.reporters.JUnitXMLReporter -->
<testsuite ignored="0" hostname="harcharans-MacBook-Pro.local" failures="1" tests="1" name="TP" time="0.381" errors="0" timestamp="12 Jun 2018 12:21:36 GMT">
  <testcase classname="com.myProject.testcases.TP_006" name="TC006" time="0.314">
    <failure type="java.lang.IllegalStateException" message="The driver executable does not exist: /Users/harcharansingh/eclipse-workspace/myProject/./src\twoPLUGS\test\resources\geckodriver.exe">
      <![CDATA[java.lang.IllegalStateException: The driver executable does not exist: /Users/harcharansingh/eclipse-workspace/myProject/./src\twoPLUGS\test\resources\geckodriver.exeat com.google.common.base.Preconditions.checkState(Preconditions.java:585)at org.openqa.selenium.remote.service.DriverService.checkExecutable(DriverService.java:136)at org.openqa.selenium.remote.service.DriverService.findExecutable(DriverService.java:131)at org.openqa.selenium.firefox.GeckoDriverService.access$100(GeckoDriverService.java:41)at org.openqa.selenium.firefox.GeckoDriverService$Builder.findDefaultExecutable(GeckoDriverService.java:141)at org.openqa.selenium.remote.service.DriverService$Builder.build(DriverService.java:339)at org.openqa.selenium.firefox.FirefoxDriver.toExecutor(FirefoxDriver.java:158)at org.openqa.selenium.firefox.FirefoxDriver.<init>(FirefoxDriver.java:120)at org.openqa.selenium.firefox.FirefoxDriver.<init>(FirefoxDriver.java:98)at com.myProject.testcases.TP_006.TC006(TP_006.java:20)... Removed 29 stack frames]]>
    </failure>
  </testcase> <!-- TC006 -->
</testsuite> <!-- TP -->
